Build started 05/11/2015 17:42:20.
     1>Project "C:\Users\I848571\Desktop\Trabalho GrauB\RoboAtaque\RoboAtaque\RoboAtaque.vcxproj" on node 2 (Build target(s)).
     1>ClCompile:
         C:\Program Files (x86)\Microsoft Visual Studio 12.0\VC\bin\CL.exe /c /ZI /nologo /W3 /WX- /Od /Oy- /D _MBCS /Gm /EHsc /RTC1 /MDd /GS /fp:precise /Zc:wchar_t /Zc:forScope /Fo"Debug\\" /Fd"Debug\vc120.pdb" /Gd /TP /analyze- /errorReport:prompt game.cpp
         game.cpp
     1>c:\users\i848571\desktop\trabalho graub\roboataque\roboataque\game.cpp(14): warning C4244: 'argument' : conversion from 'time_t' to 'unsigned int', possible loss of data
     1>c:\users\i848571\desktop\trabalho graub\roboataque\roboataque\game.cpp(13): warning C4101: 'sort' : unreferenced local variable
     1>c:\users\i848571\desktop\trabalho graub\roboataque\roboataque\game.cpp(67): warning C4244: 'argument' : conversion from 'time_t' to 'unsigned int', possible loss of data
     1>c:\users\i848571\desktop\trabalho graub\roboataque\roboataque\game.cpp(360): warning C4244: 'argument' : conversion from 'time_t' to 'unsigned int', possible loss of data
     1>c:\users\i848571\desktop\trabalho graub\roboataque\roboataque\game.cpp(428): warning C4129: 'P' : unrecognized character escape sequence
     1>c:\users\i848571\desktop\trabalho graub\roboataque\roboataque\game.cpp(432): warning C4129: 'P' : unrecognized character escape sequence
     1>c:\users\i848571\desktop\trabalho graub\roboataque\roboataque\game.cpp(515): warning C4715: 'game::inicializaJogodor' : not all control paths return a value
       Link:
         C:\Program Files (x86)\Microsoft Visual Studio 12.0\VC\bin\link.exe /ERRORREPORT:PROMPT /OUT:"C:\Users\I848571\Desktop\Trabalho GrauB\RoboAtaque\Debug\RoboAtaque.exe" /INCREMENTAL /NOLOGO kernel32.lib user32.lib gdi32.lib winspool.lib comdlg32.lib advapi32.lib shell32.lib ole32.lib oleaut32.lib uuid.lib odbc32.lib odbccp32.lib /MANIFEST /MANIFESTUAC:"level='asInvoker' uiAccess='false'" /manifest:embed /DEBUG /PDB:"C:\Users\I848571\Desktop\Trabalho GrauB\RoboAtaque\Debug\RoboAtaque.pdb" /TLBID:1 /DYNAMICBASE /NXCOMPAT /IMPLIB:"C:\Users\I848571\Desktop\Trabalho GrauB\RoboAtaque\Debug\RoboAtaque.lib" /MACHINE:X86 Debug\arena.obj
         Debug\armadura.obj
         Debug\Armas.obj
         Debug\game.obj
         Debug\inventario.obj
         Debug\main.obj
         Debug\robo.obj
         Debug\rodas_pernas.obj
         RoboAtaque.vcxproj -> C:\Users\I848571\Desktop\Trabalho GrauB\RoboAtaque\Debug\RoboAtaque.exe
     1>Done Building Project "C:\Users\I848571\Desktop\Trabalho GrauB\RoboAtaque\RoboAtaque\RoboAtaque.vcxproj" (Build target(s)).

Build succeeded.

Time Elapsed 00:00:02.73
