c:\users\note\documents\visual studio 2010\projects\roboataque\roboataque\debug\arena.obj
c:\users\note\documents\visual studio 2010\projects\roboataque\roboataque\debug\armadura.obj
c:\users\note\documents\visual studio 2010\projects\roboataque\roboataque\debug\armas.obj
c:\users\note\documents\visual studio 2010\projects\roboataque\roboataque\debug\game.obj
c:\users\note\documents\visual studio 2010\projects\roboataque\roboataque\debug\inventario.obj
c:\users\note\documents\visual studio 2010\projects\roboataque\roboataque\debug\main.obj
c:\users\note\documents\visual studio 2010\projects\roboataque\roboataque\debug\robo.obj
c:\users\note\documents\visual studio 2010\projects\roboataque\roboataque\debug\rodas_pernas.obj
c:\users\note\documents\visual studio 2010\projects\roboataque\roboataque\debug\vc100.pdb
c:\users\note\documents\visual studio 2010\projects\roboataque\debug\roboataque.ilk
c:\users\note\documents\visual studio 2010\projects\roboataque\debug\roboataque.exe
c:\users\note\documents\visual studio 2010\projects\roboataque\roboataque\debug\roboataque.exe.intermediate.manifest
c:\users\note\documents\visual studio 2010\projects\roboataque\debug\roboataque.pdb
c:\users\vagner\onedrive\documentos\programing\roboataque\roboataque\debug\arena.obj
c:\users\vagner\onedrive\documentos\programing\roboataque\roboataque\debug\armadura.obj
c:\users\vagner\onedrive\documentos\programing\roboataque\roboataque\debug\armas.obj
c:\users\vagner\onedrive\documentos\programing\roboataque\roboataque\debug\game.obj
c:\users\vagner\onedrive\documentos\programing\roboataque\roboataque\debug\inventario.obj
c:\users\vagner\onedrive\documentos\programing\roboataque\roboataque\debug\main.obj
c:\users\vagner\onedrive\documentos\programing\roboataque\roboataque\debug\robo.obj
c:\users\vagner\onedrive\documentos\programing\roboataque\roboataque\debug\rodas_pernas.obj
c:\users\vagner\onedrive\documentos\programing\roboataque\roboataque\debug\cl.command.1.tlog
c:\users\vagner\onedrive\documentos\programing\roboataque\roboataque\debug\cl.read.1.tlog
c:\users\vagner\onedrive\documentos\programing\roboataque\roboataque\debug\cl.write.1.tlog
c:\users\vagner\onedrive\documentos\programing\roboataque\roboataque\debug\link.command.1.tlog
c:\users\vagner\onedrive\documentos\programing\roboataque\roboataque\debug\link.read.1.tlog
c:\users\vagner\onedrive\documentos\programing\roboataque\roboataque\debug\link.write.1.tlog
c:\users\vagner\onedrive\documentos\programing\roboataque\roboataque\debug\mt.command.1.tlog
c:\users\vagner\onedrive\documentos\programing\roboataque\roboataque\debug\mt.read.1.tlog
c:\users\vagner\onedrive\documentos\programing\roboataque\roboataque\debug\mt.write.1.tlog
c:\users\vagner\onedrive\documentos\programing\roboataque\roboataque\debug\roboataque.exe.intermediate.manifest
c:\users\vagner\onedrive\documentos\programing\roboataque\roboataque\debug\vc100.idb
c:\users\vagner\onedrive\documentos\programing\roboataque\roboataque\debug\vc100.pdb
c:\users\vagner\onedrive\documentos\programing\roboataque\debug\roboataque.pdb
c:\users\vagner\onedrive\documentos\programing\roboataque\debug\roboataque.exe
c:\users\vagner\onedrive\documentos\programing\roboataque\debug\roboataque.ilk
